<?xml version="1.0" encoding="UTF-8"?>
<testsuite name="LibraryTest" tests="1" skipped="0" failures="0" errors="0" timestamp="2017-06-08T16:31:13" hostname="E-098482" time="0.026">
  <properties/>
  <testcase name="someLibraryMethod returns true" classname="LibraryTest" time="0.026"/>
  <system-out><![CDATA[]]></system-out>
  <system-err><![CDATA[]]></system-err>
</testsuite>
